<?xml version="1.0" encoding="UTF-8"?>
<!-- Generated by org.testng.reporters.JUnitReportReporter -->
<testsuite hostname="RameshCh" failures="0" tests="5" name="com.qa.opencart.testcase.RegistrationPageTest" time="307.331" errors="0" timestamp="2023-11-17T18:24:19 MST" skipped="0">
  <testcase classname="com.qa.opencart.testcase.RegistrationPageTest" name="RegisterAccountTest" time="77.135"/>
  <testcase classname="com.qa.opencart.testcase.RegistrationPageTest" name="registerAccountWithExcelDataTest" time="57.148"/>
  <testcase classname="com.qa.opencart.testcase.RegistrationPageTest" name="registerAccountWithExcelDataTest" time="57.095"/>
  <testcase classname="com.qa.opencart.testcase.RegistrationPageTest" name="registerAccountWithExcelDataTest" time="57.759"/>
  <testcase classname="com.qa.opencart.testcase.RegistrationPageTest" name="registerAccountWithExcelDataTest" time="58.194"/>
</testsuite> <!-- com.qa.opencart.testcase.RegistrationPageTest -->
