<?xml version="1.0" encoding="UTF-8"?>
<!-- Generated by org.testng.reporters.JUnitReportReporter -->
<testsuite hostname="RameshCh" failures="0" tests="10" name="com.qa.opencart.testcase.MyAccountPageTest" time="115.749" errors="0" timestamp="2023-11-17T18:24:19 MST" skipped="0">
  <testcase classname="com.qa.opencart.testcase.MyAccountPageTest" name="verifyMyAccountPageUrlTest" time="0.063"/>
  <testcase classname="com.qa.opencart.testcase.MyAccountPageTest" name="verifyMyAccountPageTitleTest" time="0.047"/>
  <testcase classname="com.qa.opencart.testcase.MyAccountPageTest" name="verifyMyAccountPageElementsTest" time="2.576"/>
  <testcase classname="com.qa.opencart.testcase.MyAccountPageTest" name="verifyMyAccountMenuOptionTest" time="2.436"/>
  <testcase classname="com.qa.opencart.testcase.MyAccountPageTest" name="verifyMyAccountHeaderListTest" time="0.115"/>
  <testcase classname="com.qa.opencart.testcase.MyAccountPageTest" name="verifyBrokenLinksInMyAccountPageTest" time="42.222"/>
  <testcase classname="com.qa.opencart.testcase.MyAccountPageTest" name="logoutTest" time="8.276"/>
  <testcase classname="com.qa.opencart.testcase.MyAccountPageTest" name="performProductSearchTest" time="20.085"/>
  <testcase classname="com.qa.opencart.testcase.MyAccountPageTest" name="performProductSearchTest" time="20.083"/>
  <testcase classname="com.qa.opencart.testcase.MyAccountPageTest" name="performProductSearchTest" time="19.846"/>
</testsuite> <!-- com.qa.opencart.testcase.MyAccountPageTest -->
