<?xml version="1.0" encoding="UTF-8"?>
<!-- Generated by org.testng.reporters.JUnitReportReporter -->
<testsuite hostname="RameshCh" failures="0" tests="6" name="com.qa.opencart.testcase.ProductDetailsPageTest" time="91.845" errors="0" timestamp="2023-11-17T18:24:19 MST" skipped="0">
  <testcase classname="com.qa.opencart.testcase.ProductDetailsPageTest" name="productImageTest" time="15.271"/>
  <testcase classname="com.qa.opencart.testcase.ProductDetailsPageTest" name="productImageTest" time="14.991"/>
  <testcase classname="com.qa.opencart.testcase.ProductDetailsPageTest" name="productImageTest" time="15.966"/>
  <testcase classname="com.qa.opencart.testcase.ProductDetailsPageTest" name="productImageTest" time="15.178"/>
  <testcase classname="com.qa.opencart.testcase.ProductDetailsPageTest" name="productImageTest" time="15.359"/>
  <testcase classname="com.qa.opencart.testcase.ProductDetailsPageTest" name="ProductMetadataTest" time="15.080"/>
</testsuite> <!-- com.qa.opencart.testcase.ProductDetailsPageTest -->
