<?xml version="1.0" encoding="UTF-8"?>
<!-- Generated by org.testng.reporters.JUnitReportReporter -->
<testsuite hostname="RameshCh" failures="0" tests="8" name="com.qa.opencart.testcase.LoginPageTest" time="36.769" errors="0" timestamp="2023-11-17T18:24:19 MST" skipped="0">
  <testcase classname="com.qa.opencart.testcase.LoginPageTest" name="verifyLoginPageUrlTest" time="0.068"/>
  <testcase classname="com.qa.opencart.testcase.LoginPageTest" name="verifyLoginPageTitleTest" time="0.044"/>
  <testcase classname="com.qa.opencart.testcase.LoginPageTest" name="verifyLoginPageElementsTest" time="0.301"/>
  <testcase classname="com.qa.opencart.testcase.LoginPageTest" name="navigateToRegistrationPageTest" time="5.985"/>
  <testcase classname="com.qa.opencart.testcase.LoginPageTest" name="navigateToForgotPasswordPageTest" time="5.934"/>
  <testcase classname="com.qa.opencart.testcase.LoginPageTest" name="emptyCredLoginTest" time="7.868"/>
  <testcase classname="com.qa.opencart.testcase.LoginPageTest" name="logoutTest" time="8.399"/>
  <testcase classname="com.qa.opencart.testcase.LoginPageTest" name="happypathLoginTest" time="8.170"/>
</testsuite> <!-- com.qa.opencart.testcase.LoginPageTest -->
