<?xml version="1.0" encoding="UTF-8"?>
<!-- Generated by org.testng.reporters.JUnitReportReporter -->
<testsuite hostname="RameshCh" failures="0" tests="5" name="com.qa.opencart.testcase.HomePageTest" time="17.319" errors="0" timestamp="2023-11-17T18:24:19 MST" skipped="0">
  <testcase classname="com.qa.opencart.testcase.HomePageTest" name="verifyOpenCartLogoTest" time="0.218"/>
  <testcase classname="com.qa.opencart.testcase.HomePageTest" name="verifyOpenCartPageTitleTest" time="0.060"/>
  <testcase classname="com.qa.opencart.testcase.HomePageTest" name="verifyFeaturedCardsCountTest" time="0.106"/>
  <testcase classname="com.qa.opencart.testcase.HomePageTest" name="navigateToRegistrationPageTest" time="8.663"/>
  <testcase classname="com.qa.opencart.testcase.HomePageTest" name="navigateToLoginPageTest" time="8.272"/>
</testsuite> <!-- com.qa.opencart.testcase.HomePageTest -->
