<?xml version="1.0" encoding="UTF-8"?>
<!-- Generated by org.testng.reporters.JUnitReportReporter -->
<testsuite hostname="RameshCh" failures="0" tests="5" name="com.qa.opencart.testcase.RegistrationPageTest" time="298.236" errors="0" timestamp="2023-11-19T18:55:56 MST" skipped="0">
  <testcase classname="com.qa.opencart.testcase.RegistrationPageTest" name="RegisterAccountTest" time="60.008"/>
  <testcase classname="com.qa.opencart.testcase.RegistrationPageTest" name="registerAccountWithExcelDataTest" time="60.095"/>
  <testcase classname="com.qa.opencart.testcase.RegistrationPageTest" name="registerAccountWithExcelDataTest" time="59.918"/>
  <testcase classname="com.qa.opencart.testcase.RegistrationPageTest" name="registerAccountWithExcelDataTest" time="59.084"/>
  <testcase classname="com.qa.opencart.testcase.RegistrationPageTest" name="registerAccountWithExcelDataTest" time="59.131"/>
</testsuite> <!-- com.qa.opencart.testcase.RegistrationPageTest -->
