<?xml version="1.0" encoding="UTF-8"?>
<!-- Generated by org.testng.reporters.JUnitReportReporter -->
<testsuite hostname="RameshCh" failures="0" tests="6" name="com.qa.opencart.testcase.ProductDetailsPageTest" time="93.614" errors="0" timestamp="2023-11-19T18:55:56 MST" skipped="0">
  <testcase classname="com.qa.opencart.testcase.ProductDetailsPageTest" name="productImageTest" time="15.635"/>
  <testcase classname="com.qa.opencart.testcase.ProductDetailsPageTest" name="productImageTest" time="15.919"/>
  <testcase classname="com.qa.opencart.testcase.ProductDetailsPageTest" name="productImageTest" time="15.319"/>
  <testcase classname="com.qa.opencart.testcase.ProductDetailsPageTest" name="productImageTest" time="15.813"/>
  <testcase classname="com.qa.opencart.testcase.ProductDetailsPageTest" name="productImageTest" time="15.375"/>
  <testcase classname="com.qa.opencart.testcase.ProductDetailsPageTest" name="ProductMetadataTest" time="15.553"/>
</testsuite> <!-- com.qa.opencart.testcase.ProductDetailsPageTest -->
