<?xml version="1.0" encoding="UTF-8"?>
<!-- Generated by org.testng.reporters.JUnitReportReporter -->
<testsuite hostname="RameshCh" failures="0" tests="8" name="com.qa.opencart.testcase.LoginPageTest" time="34.837" errors="0" timestamp="2023-11-19T18:55:56 MST" skipped="0">
  <testcase classname="com.qa.opencart.testcase.LoginPageTest" name="verifyLoginPageUrlTest" time="0.044"/>
  <testcase classname="com.qa.opencart.testcase.LoginPageTest" name="verifyLoginPageTitleTest" time="0.032"/>
  <testcase classname="com.qa.opencart.testcase.LoginPageTest" name="verifyLoginPageElementsTest" time="0.267"/>
  <testcase classname="com.qa.opencart.testcase.LoginPageTest" name="navigateToRegistrationPageTest" time="5.827"/>
  <testcase classname="com.qa.opencart.testcase.LoginPageTest" name="navigateToForgotPasswordPageTest" time="5.379"/>
  <testcase classname="com.qa.opencart.testcase.LoginPageTest" name="emptyCredLoginTest" time="7.526"/>
  <testcase classname="com.qa.opencart.testcase.LoginPageTest" name="logoutTest" time="7.929"/>
  <testcase classname="com.qa.opencart.testcase.LoginPageTest" name="happypathLoginTest" time="7.833"/>
</testsuite> <!-- com.qa.opencart.testcase.LoginPageTest -->
